Determining if the pthread_create exist failed with the following output:
Change Dir: /home/zdh/px4v1.10/Firmware/Tools/build-sitl_gazebo-unknown-Default/CMakeFiles/CMakeTmp

Run Build Command:"/usr/bin/make" "cmTC_65c3b/fast"
/usr/bin/make -f CMakeFiles/cmTC_65c3b.dir/build.make CMakeFiles/cmTC_65c3b.dir/build
make[1]: 进入目录“/home/zdh/px4v1.10/Firmware/Tools/build-sitl_gazebo-unknown-Default/CMakeFiles/CMakeTmp”
Building C object CMakeFiles/cmTC_65c3b.dir/CheckSymbolExists.c.o
/usr/bin/gcc    -o CMakeFiles/cmTC_65c3b.dir/CheckSymbolExists.c.o   -c /home/zdh/px4v1.10/Firmware/Tools/build-sitl_gazebo-unknown-Default/CMakeFiles/CMakeTmp/CheckSymbolExists.c
Linking C executable cmTC_65c3b
/usr/bin/cmake -E cmake_link_script CMakeFiles/cmTC_65c3b.dir/link.txt --verbose=1
/usr/bin/gcc      CMakeFiles/cmTC_65c3b.dir/CheckSymbolExists.c.o  -o cmTC_65c3b 
CMakeFiles/cmTC_65c3b.dir/CheckSymbolExists.c.o：在函数‘main’中：
CheckSymbolExists.c:(.text+0x1b)：对‘pthread_create’未定义的引用
collect2: error: ld returned 1 exit status
CMakeFiles/cmTC_65c3b.dir/build.make:97: recipe for target 'cmTC_65c3b' failed
make[1]: *** [cmTC_65c3b] Error 1
make[1]: 离开目录“/home/zdh/px4v1.10/Firmware/Tools/build-sitl_gazebo-unknown-Default/CMakeFiles/CMakeTmp”
Makefile:126: recipe for target 'cmTC_65c3b/fast' failed
make: *** [cmTC_65c3b/fast] Error 2

File /home/zdh/px4v1.10/Firmware/Tools/build-sitl_gazebo-unknown-Default/CMakeFiles/CMakeTmp/CheckSymbolExists.c:
/* */
#include <pthread.h>

int main(int argc, char** argv)
{
  (void)argv;
#ifndef pthread_create
  return ((int*)(&pthread_create))[argc];
#else
  (void)argc;
  return 0;
#endif
}

Determining if the function pthread_create exists in the pthreads failed with the following output:
Change Dir: /home/zdh/px4v1.10/Firmware/Tools/build-sitl_gazebo-unknown-Default/CMakeFiles/CMakeTmp

Run Build Command:"/usr/bin/make" "cmTC_58278/fast"
/usr/bin/make -f CMakeFiles/cmTC_58278.dir/build.make CMakeFiles/cmTC_58278.dir/build
make[1]: 进入目录“/home/zdh/px4v1.10/Firmware/Tools/build-sitl_gazebo-unknown-Default/CMakeFiles/CMakeTmp”
Building C object CMakeFiles/cmTC_58278.dir/CheckFunctionExists.c.o
/usr/bin/gcc   -DCHECK_FUNCTION_EXISTS=pthread_create   -o CMakeFiles/cmTC_58278.dir/CheckFunctionExists.c.o   -c /usr/share/cmake-3.10/Modules/CheckFunctionExists.c
Linking C executable cmTC_58278
/usr/bin/cmake -E cmake_link_script CMakeFiles/cmTC_58278.dir/link.txt --verbose=1
/usr/bin/gcc  -DCHECK_FUNCTION_EXISTS=pthread_create    CMakeFiles/cmTC_58278.dir/CheckFunctionExists.c.o  -o cmTC_58278 -lpthreads 
/usr/bin/ld: 找不到 -lpthreads
collect2: error: ld returned 1 exit status
CMakeFiles/cmTC_58278.dir/build.make:97: recipe for target 'cmTC_58278' failed
make[1]: *** [cmTC_58278] Error 1
make[1]: 离开目录“/home/zdh/px4v1.10/Firmware/Tools/build-sitl_gazebo-unknown-Default/CMakeFiles/CMakeTmp”
Makefile:126: recipe for target 'cmTC_58278/fast' failed
make: *** [cmTC_58278/fast] Error 2


